TN:
SF:src\components\ui\app-menu.vue
FN:32,data
FN:55,handleAppMenuItemClick
FN:60,isLinkSelected
FNF:3
FNH:0
FNDA:0,data
FNDA:0,handleAppMenuItemClick
FNDA:0,isLinkSelected
DA:21,0
DA:27,0
DA:33,0
DA:55,0
DA:61,0
LF:5
LH:0
BRDA:55,0,0,0
BRDA:55,0,1,0
BRDA:55,0,2,0
BRDA:55,1,0,0
BRF:4
BRH:0
end_of_record
TN:
SF:src\store\index.ts
FNF:0
FNH:0
DA:1,0
DA:2,0
DA:3,0
DA:4,0
DA:6,0
DA:8,0
DA:18,0
LF:7
LH:0
BRF:0
BRH:0
end_of_record
TN:
SF:src\store\modules\authentication\actions.ts
FN:7,(anonymous_1)
FN:25,(anonymous_2)
FNF:2
FNH:0
FNDA:0,(anonymous_1)
FNDA:0,(anonymous_2)
DA:2,0
DA:4,0
DA:7,0
DA:8,0
DA:9,0
DA:10,0
DA:11,0
DA:12,0
DA:15,0
DA:17,0
DA:18,0
DA:19,0
DA:20,0
DA:22,0
DA:25,0
DA:29,0
DA:30,0
DA:31,0
DA:32,0
DA:34,0
DA:37,0
LF:21
LH:0
BRDA:10,0,0,0
BRDA:31,1,0,0
BRF:2
BRH:0
end_of_record
TN:
SF:src\store\modules\authentication\getters.ts
FN:3,(anonymous_0)
FN:7,(anonymous_1)
FN:11,(anonymous_2)
FNF:3
FNH:0
FNDA:0,(anonymous_0)
FNDA:0,(anonymous_1)
FNDA:0,(anonymous_2)
DA:3,0
DA:5,0
DA:7,0
DA:9,0
DA:11,0
DA:13,0
DA:15,0
LF:7
LH:0
BRF:0
BRH:0
end_of_record
TN:
SF:src\store\modules\authentication\index.ts
FNF:0
FNH:0
DA:2,0
DA:3,0
DA:4,0
DA:5,0
DA:7,0
LF:5
LH:0
BRF:0
BRH:0
end_of_record
TN:
SF:src\store\modules\authentication\initial-state.ts
FNF:0
FNH:0
DA:1,0
LF:1
LH:0
BRDA:2,0,0,0
BRDA:2,0,1,0
BRF:2
BRH:0
end_of_record
TN:
SF:src\store\modules\authentication\mutations.ts
FN:3,(anonymous_0)
FN:9,(anonymous_1)
FN:15,(anonymous_2)
FN:21,(anonymous_3)
FN:27,(anonymous_4)
FN:34,(anonymous_5)
FNF:6
FNH:0
FNDA:0,(anonymous_0)
FNDA:0,(anonymous_1)
FNDA:0,(anonymous_2)
FNDA:0,(anonymous_3)
FNDA:0,(anonymous_4)
FNDA:0,(anonymous_5)
DA:3,0
DA:6,0
DA:9,0
DA:12,0
DA:15,0
DA:18,0
DA:21,0
DA:24,0
DA:27,0
DA:31,0
DA:34,0
DA:38,0
DA:41,0
LF:13
LH:0
BRF:0
BRH:0
end_of_record
TN:
SF:src\store\modules\icons\actions.ts
FN:7,(anonymous_1)
FNF:1
FNH:0
FNDA:0,(anonymous_1)
DA:2,0
DA:4,0
DA:7,0
DA:8,0
DA:9,0
DA:10,0
DA:12,0
DA:14,0
DA:17,0
LF:9
LH:0
BRDA:9,0,0,0
BRF:1
BRH:0
end_of_record
TN:
SF:src\store\modules\icons\getters.ts
FN:5,(anonymous_0)
FN:9,(anonymous_1)
FNF:2
FNH:0
FNDA:0,(anonymous_0)
FNDA:0,(anonymous_1)
DA:1,0
DA:2,0
DA:5,0
DA:7,0
DA:9,0
DA:12,0
DA:14,0
LF:7
LH:0
BRF:0
BRH:0
end_of_record
TN:
SF:src\store\modules\icons\index.ts
FNF:0
FNH:0
DA:2,0
DA:3,0
DA:4,0
DA:5,0
DA:7,0
LF:5
LH:0
BRF:0
BRH:0
end_of_record
TN:
SF:src\store\modules\icons\initial-state.ts
FNF:0
FNH:0
DA:1,0
LF:1
LH:0
BRF:0
BRH:0
end_of_record
TN:
SF:src\store\modules\icons\mutations.ts
FN:3,(anonymous_0)
FNF:1
FNH:0
FNDA:0,(anonymous_0)
DA:3,0
DA:7,0
DA:10,0
LF:3
LH:0
BRF:0
BRH:0
end_of_record
TN:
SF:src\views\landing-view.vue
FN:54,data
FN:63,handleButtonClick
FNF:2
FNH:2
FNDA:2,data
FNDA:4,handleButtonClick
DA:45,1
DA:46,1
DA:55,2
DA:63,9
LF:4
LH:4
BRDA:63,0,0,1
BRDA:63,0,1,1
BRDA:63,0,2,1
BRF:3
BRH:3
end_of_record
TN:
SF:src\views\learn-more-view.vue
FN:13,data
FNF:1
FNH:0
FNDA:0,data
DA:8,0
DA:14,0
LF:2
LH:0
BRF:0
BRH:0
end_of_record
TN:
SF:src\views\signup-view.vue
FN:73,data
FN:78,(anonymous_2)
FN:79,(anonymous_3)
FN:84,(anonymous_4)
FN:86,(anonymous_5)
FN:87,(anonymous_6)
FNF:6
FNH:0
FNDA:0,data
FNDA:0,(anonymous_2)
FNDA:0,(anonymous_3)
FNDA:0,(anonymous_4)
FNDA:0,(anonymous_5)
FNDA:0,(anonymous_6)
DA:74,0
DA:79,0
DA:80,0
DA:84,0
DA:87,0
DA:88,0
LF:6
LH:0
BRDA:79,0,0,0
BRDA:79,0,1,0
BRDA:80,1,0,0
BRDA:80,1,1,0
BRDA:84,2,0,0
BRDA:84,2,1,0
BRDA:87,3,0,0
BRDA:87,3,1,0
BRDA:88,4,0,0
BRDA:88,4,1,0
BRF:10
BRH:0
end_of_record
TN:
SF:src\views\wrapper-view.vue
FNF:0
FNH:0
DA:8,1
LF:1
LH:1
BRF:0
BRH:0
end_of_record
TN:
SF:src\views\login\login-icon-view.vue
FN:210,data
FN:215,(anonymous_2)
FN:216,(anonymous_3)
FN:232,created
FN:240,handleBackBtnClick
FN:243,setUpIconsCategories
FN:244,(anonymous_13)
FN:246,(anonymous_14)
FN:253,setUpDefaultIconsPass
FN:258,handleIconCategoryChange
FN:263,(anonymous_17)
FN:268,handleIconClick
FN:292,handleClearBtnClick
FN:297,submitLogin
FN:312,handleLoginBtnClick
FN:327,onLargerViewPort
FN:333,iconsScrollSize
FN:336,logoIsVisible
FN:339,passIsComplete
FN:342,getSelectableIconsSize
FNF:20
FNH:0
FNDA:0,data
FNDA:0,(anonymous_2)
FNDA:0,(anonymous_3)
FNDA:0,created
FNDA:0,handleBackBtnClick
FNDA:0,setUpIconsCategories
FNDA:0,(anonymous_13)
FNDA:0,(anonymous_14)
FNDA:0,setUpDefaultIconsPass
FNDA:0,handleIconCategoryChange
FNDA:0,(anonymous_17)
FNDA:0,handleIconClick
FNDA:0,handleClearBtnClick
FNDA:0,submitLogin
FNDA:0,handleLoginBtnClick
FNDA:0,onLargerViewPort
FNDA:0,iconsScrollSize
FNDA:0,logoIsVisible
FNDA:0,passIsComplete
FNDA:0,getSelectableIconsSize
DA:194,0
DA:195,0
DA:196,0
DA:201,0
DA:205,0
DA:206,0
DA:211,0
DA:216,0
DA:217,0
DA:232,0
DA:233,0
DA:240,0
DA:243,0
DA:244,0
DA:245,0
DA:246,0
DA:247,0
DA:249,0
DA:254,0
DA:255,0
DA:259,0
DA:260,0
DA:263,0
DA:264,0
DA:266,0
DA:269,0
DA:270,0
DA:272,0
DA:273,0
DA:277,0
DA:279,0
DA:283,0
DA:284,0
DA:287,0
DA:293,0
DA:294,0
DA:295,0
DA:297,0
DA:298,0
DA:303,0
DA:304,0
DA:305,0
DA:308,0
DA:309,0
DA:314,0
DA:315,0
DA:316,0
DA:317,0
DA:319,0
DA:321,0
DA:328,0
DA:334,0
DA:337,0
DA:340,0
DA:343,0
LF:55
LH:0
BRDA:216,0,0,0
BRDA:216,0,1,0
BRDA:217,1,0,0
BRDA:217,1,1,0
BRDA:232,2,0,0
BRDA:232,2,1,0
BRDA:232,2,2,0
BRDA:240,3,0,0
BRDA:240,3,1,0
BRDA:240,3,2,0
BRDA:243,4,0,0
BRDA:243,4,1,0
BRDA:243,4,2,0
BRDA:245,5,0,0
BRDA:259,6,0,0
BRDA:269,7,0,0
BRDA:272,8,0,0
BRDA:272,8,1,0
BRDA:297,9,0,0
BRDA:297,9,1,0
BRDA:297,9,2,0
BRDA:297,9,3,0
BRDA:297,9,4,0
BRDA:304,10,0,0
BRDA:315,11,0,0
BRDA:315,11,1,0
BRDA:328,12,0,0
BRDA:328,12,1,0
BRDA:334,13,0,0
BRDA:334,13,1,0
BRDA:337,14,0,0
BRDA:337,14,1,0
BRDA:343,15,0,0
BRDA:343,15,1,0
BRF:34
BRH:0
end_of_record
TN:
SF:src\views\login\login-view.vue
FN:73,data
FN:109,avatarSize
FN:118,handleAuthCardClick
FN:121,handleIPassClick
FNF:4
FNH:0
FNDA:0,data
FNDA:0,avatarSize
FNDA:0,handleAuthCardClick
FNDA:0,handleIPassClick
DA:62,0
DA:63,0
DA:67,0
DA:74,0
DA:110,0
DA:118,0
DA:121,0
LF:7
LH:0
BRDA:110,0,0,0
BRDA:110,0,1,0
BRDA:118,1,0,0
BRDA:118,1,1,0
BRDA:118,1,2,0
BRDA:121,2,0,0
BRDA:121,2,1,0
BRDA:121,2,2,0
BRF:8
BRH:0
end_of_record
TN:
SF:src\views\signup\signup-icon-view.vue
FN:242,data
FN:249,(anonymous_2)
FN:250,(anonymous_3)
FN:254,(anonymous_4)
FN:255,(anonymous_5)
FN:259,(anonymous_6)
FN:260,(anonymous_7)
FN:275,created
FN:283,handleBackBtnClick
FN:286,setUpIconsCategories
FN:287,(anonymous_17)
FN:289,(anonymous_18)
FN:296,setUpDefaultIconsPass
FN:301,handleIconCategoryChange
FN:306,(anonymous_21)
FN:311,handleIconClick
FN:335,handleClearBtnClick
FN:343,submitSignup
FN:361,handleSignupBtnClick
FN:376,onLargerViewPort
FN:382,iconsScrollSize
FN:385,logoIsVisible
FN:388,passIsComplete
FN:391,getSelectableIconsSize
FNF:24
FNH:0
FNDA:0,data
FNDA:0,(anonymous_2)
FNDA:0,(anonymous_3)
FNDA:0,(anonymous_4)
FNDA:0,(anonymous_5)
FNDA:0,(anonymous_6)
FNDA:0,(anonymous_7)
FNDA:0,created
FNDA:0,handleBackBtnClick
FNDA:0,setUpIconsCategories
FNDA:0,(anonymous_17)
FNDA:0,(anonymous_18)
FNDA:0,setUpDefaultIconsPass
FNDA:0,handleIconCategoryChange
FNDA:0,(anonymous_21)
FNDA:0,handleIconClick
FNDA:0,handleClearBtnClick
FNDA:0,submitSignup
FNDA:0,handleSignupBtnClick
FNDA:0,onLargerViewPort
FNDA:0,iconsScrollSize
FNDA:0,logoIsVisible
FNDA:0,passIsComplete
FNDA:0,getSelectableIconsSize
DA:226,0
DA:227,0
DA:228,0
DA:233,0
DA:237,0
DA:238,0
DA:243,0
DA:250,0
DA:251,0
DA:255,0
DA:256,0
DA:260,0
DA:261,0
DA:275,0
DA:276,0
DA:283,0
DA:286,0
DA:287,0
DA:288,0
DA:289,0
DA:290,0
DA:292,0
DA:297,0
DA:298,0
DA:302,0
DA:303,0
DA:306,0
DA:307,0
DA:309,0
DA:312,0
DA:313,0
DA:315,0
DA:316,0
DA:320,0
DA:322,0
DA:326,0
DA:327,0
DA:330,0
DA:336,0
DA:337,0
DA:338,0
DA:339,0
DA:340,0
DA:341,0
DA:343,0
DA:344,0
DA:352,0
DA:353,0
DA:354,0
DA:357,0
DA:358,0
DA:363,0
DA:364,0
DA:365,0
DA:366,0
DA:368,0
DA:370,0
DA:377,0
DA:383,0
DA:386,0
DA:389,0
DA:392,0
LF:62
LH:0
BRDA:250,0,0,0
BRDA:250,0,1,0
BRDA:251,1,0,0
BRDA:251,1,1,0
BRDA:255,2,0,0
BRDA:255,2,1,0
BRDA:256,3,0,0
BRDA:256,3,1,0
BRDA:260,4,0,0
BRDA:260,4,1,0
BRDA:261,5,0,0
BRDA:261,5,1,0
BRDA:275,6,0,0
BRDA:275,6,1,0
BRDA:275,6,2,0
BRDA:283,7,0,0
BRDA:283,7,1,0
BRDA:283,7,2,0
BRDA:286,8,0,0
BRDA:286,8,1,0
BRDA:286,8,2,0
BRDA:288,9,0,0
BRDA:302,10,0,0
BRDA:312,11,0,0
BRDA:315,12,0,0
BRDA:315,12,1,0
BRDA:343,13,0,0
BRDA:343,13,1,0
BRDA:343,13,2,0
BRDA:343,13,3,0
BRDA:343,13,4,0
BRDA:353,14,0,0
BRDA:364,15,0,0
BRDA:364,15,1,0
BRDA:377,16,0,0
BRDA:377,16,1,0
BRDA:383,17,0,0
BRDA:383,17,1,0
BRDA:386,18,0,0
BRDA:386,18,1,0
BRDA:392,19,0,0
BRDA:392,19,1,0
BRF:42
BRH:0
end_of_record
TN:
SF:src\views\signup\signup-view.vue
FN:84,data
FN:124,avatarSize
FN:133,handleSignupCardClick
FN:136,handleAuthCardClick
FN:139,handleIPassClick
FNF:5
FNH:0
FNDA:0,data
FNDA:0,avatarSize
FNDA:0,handleSignupCardClick
FNDA:0,handleAuthCardClick
FNDA:0,handleIPassClick
DA:72,0
DA:73,0
DA:78,0
DA:85,0
DA:125,0
DA:133,0
DA:136,0
DA:139,0
LF:8
LH:0
BRDA:125,0,0,0
BRDA:125,0,1,0
BRDA:133,1,0,0
BRDA:133,1,1,0
BRDA:133,1,2,0
BRDA:136,2,0,0
BRDA:136,2,1,0
BRDA:136,2,2,0
BRDA:139,3,0,0
BRDA:139,3,1,0
BRDA:139,3,2,0
BRF:11
BRH:0
end_of_record
